<?xml version="1.0" encoding="utf-8"?>
<coverage line-rate="0" branch-rate="0" version="1.9" timestamp="1786176212" lines-covered="0" lines-valid="3892" branches-covered="0" branches-valid="1380">
  <sources>
    <source>/home/csir/Desktop/projects/api/src/</source>
  </sources>
  <packages>
    <package name="Csir.Spme.Application" line-rate="0" branch-rate="0" complexity="1189">
      <classes>
        <class name="System.Text.RegularExpressions.Generated.&lt;RegexGenerator_g&gt;F6171B703BBCF29A0AB2FAA03843D258B4B1796FBD1C78EAA3CABF7B59F2D6B81__CurrencyCode_0" filename="Csir.Spme.Application/obj/Release/net10.0/System.Text.RegularExpressions.Generator/System.Text.RegularExpressions.Generator.RegexGenerator/RegexGenerator.g.cs" line-rate="0" branch-rate="1" complexity="2">
          <methods>
            <method name=".ctor" signature="()" line-rate="0" branch-rate="1" complexity="1">
              <lines>
                <line number="44" hits="0" branch="False" />
                <line number="46" hits="0" branch="False" />
                <line number="47" hits="0" branch="False" />
                <line number="48" hits="0" branch="False" />
                <line number="49" hits="0" branch="False" />
                <line number="50" hits="0" branch="False" />
                <line number="51" hits="0" branch="False" />
                <line number="52" hits="0" branch="False" />
              </lines>
            </method>
            <method name=".cctor" signature="()" line-rate="0" branch-rate="1" complexity="1">
              <lines>
                <line number="41" hits="0" branch="False" />
              </lines>
            </method>
          </methods>
          <lines>
            <line number="44" hits="0" branch="False" />
            <line number="46" hits="0" branch="False" />
            <line number="47" hits="0" branch="False" />
            <line number="48" hits="0" branch="False" />
            <line number="49" hits="0" branch="False" />
            <line number="50" hits="0" branch="False" />
            <line number="51" hits="0" branch="False" />
            <line number="52" hits="0" branch="False" />
            <line number="41" hits="0" branch="False" />
          </lines>
        </class>
        <class name="System.Text.RegularExpressions.Generated.&lt;RegexGenerator_g&gt;F6171B703BBCF29A0AB2FAA03843D258B4B1796FBD1C78EAA3CABF7B59F2D6B81__CurrencyCode_0/RunnerFactory" filename="Csir.Spme.Application/obj/Release/net10.0/System.Text.RegularExpressions.Generator/System.Text.RegularExpressions.Generator.RegexGenerator/RegexGenerator.g.cs" line-rate="0" branch-rate="1" complexity="1">
          <methods>
            <method name="CreateInstance" signature="()" line-rate="0" branch-rate="1" complexity="1">
              <lines>
                <line number="58" hits="0" branch="False" />
              </lines>
            </method>
          </methods>
          <lines>
            <line number="58" hits="0" branch="False" />
          </lines>
        </class>
        <class name="System.Text.RegularExpressions.Generated.&lt;RegexGenerator_g&gt;F6171B703BBCF29A0AB2FAA03843D258B4B1796FBD1C78EAA3CABF7B59F2D6B81__CurrencyCode_0/RunnerFactory/Runner" filename="Csir.Spme.Application/obj/Release/net10.0/System.Text.RegularExpressions.Generator/System.Text.RegularExpressions.Generator.RegexGenerator/RegexGenerator.g.cs" line-rate="0" branch-rate="0" complexity="24">
          <methods>
            <method name="Scan" signature="(System.ReadOnlySpan`1&lt;System.Char&gt;)" line-rate="0" branch-rate="0" complexity="4">
              <lines>
                <line number="68" hits="0" branch="True" condition-coverage="0% (0/4)">
                  <conditions>
                    <condition number="7" type="jump" coverage="0%" />
                    <condition number="16" type="jump" coverage="0%" />
                  </conditions>
                </line>
                <line number="70" hits="0" branch="False" />
                <line number="72" hits="0" branch="False" />
              </lines>
            </method>
            <method name="TryFindNextPossibleStartingPosition" signature="(System.ReadOnlySpan`1&lt;System.Char&gt;)" line-rate="0" branch-rate="0" complexity="4">
              <lines>
                <line number="79" hits="0" branch="False" />
                <line number="82" hits="0" branch="True" condition-coverage="0% (0/2)">
                  <conditions>
                    <condition number="17" type="jump" coverage="0%" />
                  </conditions>
                </line>
                <line number="85" hits="0" branch="True" condition-coverage="0% (0/2)">
                  <conditions>
                    <condition number="20" type="jump" coverage="0%" />
                  </conditions>
                </line>
                <line number="87" hits="0" branch="False" />
                <line number="92" hits="0" branch="False" />
                <line number="93" hits="0" branch="False" />
              </lines>
            </method>
            <method name="TryMatchAtCurrentPosition" signature="(System.ReadOnlySpan`1&lt;System.Char&gt;)" line-rate="0" branch-rate="0" complexity="16">
              <lines>
                <line number="101" hits="0" branch="False" />
                <line number="102" hits="0" branch="False" />
                <line number="103" hits="0" branch="False" />
                <line number="106" hits="0" branch="True" condition-coverage="0% (0/2)">
                  <conditions>
                    <condition number="19" type="jump" coverage="0%" />
                  </conditions>
                </line>
                <line number="108" hits="0" branch="False" />
                <line number="113" hits="0" branch="True" condition-coverage="0% (0/8)">
                  <conditions>
                    <condition number="31" type="jump" coverage="0%" />
                    <condition number="47" type="jump" coverage="0%" />
                    <condition number="63" type="jump" coverage="0%" />
                    <condition number="79" type="jump" coverage="0%" />
                  </conditions>
                </line>
                <line number="114" hits="0" branch="False" />
                <line number="115" hits="0" branch="False" />
                <line number="116" hits="0" branch="False" />
                <line number="118" hits="0" branch="False" />
                <line number="123" hits="0" branch="True" condition-coverage="0% (0/6)">
                  <conditions>
                    <condition number="91" type="jump" coverage="0%" />
                    <condition number="101" type="jump" coverage="0%" />
                    <condition number="114" type="jump" coverage="0%" />
                  </conditions>
                </line>
                <line number="125" hits="0" branch="False" />
                <line number="129" hits="0" branch="False" />
                <line number="130" hits="0" branch="False" />
                <line number="131" hits="0" branch="False" />
                <line number="132" hits="0" branch="False" />
              </lines>
            </method>
          </methods>
          <lines>
            <line number="68" hits="0" branch="True" condition-coverage="0% (0/4)">
              <conditions>
                <condition number="7" type="jump" coverage="0%" />
                <condition number="16" type="jump" coverage="0%" />
              </conditions>
            </line>
            <line number="70" hits="0" branch="False" />
            <line number="72" hits="0" branch="False" />
            <line number="79" hits="0" branch="False" />
            <line number="82" hits="0" branch="True" condition-coverage="0% (0/2)">
              <conditions>
                <condition number="17" type="jump" coverage="0%" />
              </conditions>
            </line>
            <line number="85" hits="0" branch="True" condition-coverage="0% (0/2)">
              <conditions>
                <condition number="20" type="jump" coverage="0%" />
              </conditions>
            </line>
            <line number="87" hits="0" branch="False" />
            <line number="92" hits="0" branch="False" />
            <line number="93" hits="0" branch="False" />
            <line number="101" hits="0" branch="False" />
            <line number="102" hits="0" branch="False" />
            <line number="103" hits="0" branch="False" />
            <line number="106" hits="0" branch="True" condition-coverage="0% (0/2)">
              <conditions>
                <condition number="19" type="jump" coverage="0%" />
              </conditions>
            </line>
            <line number="108" hits="0" branch="False" />
            <line number="113" hits="0" branch="True" condition-coverage="0% (0/8)">
              <conditions>
                <condition number="31" type="jump" coverage="0%" />
                <condition number="47" type="jump" coverage="0%" />
                <condition number="63" type="jump" coverage="0%" />
                <condition number="79" type="jump" coverage="0%" />
              </conditions>
            </line>
            <line number="114" hits="0" branch="False" />
            <line number="115" hits="0" branch="False" />
            <line number="116" hits="0" branch="False" />
            <line number="118" hits="0" branch="False" />
            <line number="123" hits="0" branch="True" condition-coverage="0% (0/6)">
              <conditions>
                <condition number="91" type="jump" coverage="0%" />
                <condition number="101" type="jump" coverage="0%" />
                <condition number="114" type="jump" coverage="0%" />
              </conditions>
            </line>
            <line number="125" hits="0" branch="False" />
            <line number="129" hits="0" branch="False" />
            <line number="130" hits="0" branch="False" />
            <line number="131" hits="0" branch="False" />
            <line number="132" hits="0" branch="False" />
          </lines>
        </class>
        <class name="System.Text.RegularExpressions.Generated.&lt;RegexGenerator_g&gt;F6171B703BBCF29A0AB2FAA03843D258B4B1796FBD1C78EAA3CABF7B59F2D6B81__Utilities" filename="Csir.Spme.Application/obj/Release/net10.0/System.Text.RegularExpressions.Generator/System.Text.RegularExpressions.Generator.RegexGenerator/RegexGenerator.g.cs" line-rate="0" branch-rate="0" complexity="2">
          <methods>
            <method name=".cctor" signature="()" line-rate="0" branch-rate="0" complexity="2">
              <lines>
                <line number="144" hits="0" branch="True" condition-coverage="0% (0/2)">
                  <conditions>
                    <condition number="17" type="jump" coverage="0%" />
                  </conditions>
                </line>
                <line number="147" hits="0" branch="False" />
              </lines>
            </method>
          </methods>
          <lines>
            <line number="144" hits="0" branch="True" condition-coverage="0% (0/2)">
              <conditions>
                <condition number="17" type="jump" coverage="0%" />
              </conditions>
            </line>
            <line number="147" hits="0" branch="False" />
          </lines>
        </class>
        <class name="Csir.Spme.Application.Projects.ProjectService" filename="Csir.Spme.Application/obj/Release/net10.0/System.Text.RegularExpressions.Generator/System.Text.RegularExpressions.Generator.RegexGenerator/RegexGenerator.g.cs" line-rate="0" branch-rate="1" complexity="1">
          <methods>
            <method name="CurrencyCode" signature="()" line-rate="0" branch-rate="1" complexity="1">
              <lines>
                <line number="20" hits="0" branch="False" />
              </lines>
            </method>
          </methods>
          <lines>
            <line number="20" hits="0" branch="False" />
          </lines>
        </class>
        <class name="Csir.Spme.Application.DependencyInjection" filename="Csir.Spme.Application/DependencyInjection.cs" line-rate="0" branch-rate="0" complexity="4">
          <methods>
            <method name="AddApplicationServices" signature="(Microsoft.Extensions.DependencyInjection.IServiceCollection,Microsoft.Extensions.Configuration.IConfiguration)" line-rate="0" branch-rate="0" complexity="4">
              <lines>
                <line number="18" hits="0" branch="False" />
                <line number="19" hits="0" branch="False" />
                <line number="20" hits="0" branch="False" />
                <line number="21" hits="0" branch="False" />
                <line number="22" hits="0" branch="True" condition-coverage="0% (0/4)">
                  <conditions>
                    <condition number="17" type="jump" coverage="0%" />
                    <condition number="47" type="jump" coverage="0%" />
                  </conditions>
                </line>
                <line number="23" hits="0" branch="False" />
                <line number="24" hits="0" branch="False" />
                <line number="25" hits="0" branch="False" />
                <line number="26" hits="0" branch="False" />
                <line number="28" hits="0" branch="False" />
                <line number="29" hits="0" branch="False" />
                <line number="30" hits="0" branch="False" />
                <line number="31" hits="0" branch="False" />
                <line number="32" hits="0" branch="False" />
                <line number="33" hits="0" branch="False" />
                <line number="34" hits="0" branch="False" />
                <line number="35" hits="0" branch="False" />
                <line number="36" hits="0" branch="False" />
                <line number="37" hits="0" branch="False" />
                <line number="38" hits="0" branch="False" />
              </lines>
            </method>
          </methods>
          <lines>
            <line number="18" hits="0" branch="False" />
            <line number="19" hits="0" branch="False" />
            <line number="20" hits="0" branch="False" />
            <line number="21" hits="0" branch="False" />
            <line number="22" hits="0" branch="True" condition-coverage="0% (0/4)">
              <conditions>
                <condition number="17" type="jump" coverage="0%" />
                <condition number="47" type="jump" coverage="0%" />
              </conditions>
            </line>
            <line number="23" hits="0" branch="False" />
            <line number="24" hits="0" branch="False" />
            <line number="25" hits="0" branch="False" />
            <line number="26" hits="0" branch="False" />
            <line number="28" hits="0" branch="False" />
            <line number="29" hits="0" branch="False" />
            <line number="30" hits="0" branch="False" />
            <line number="31" hits="0" branch="False" />
            <line number="32" hits="0" branch="False" />
            <line number="33" hits="0" branch="False" />
            <line number="34" hits="0" branch="False" />
            <line number="35" hits="0" branch="False" />
            <line number="36" hits="0" branch="False" />
            <line number="37" hits="0" branch="False" />
            <line number="38" hits="0" branch="False" />
          </lines>
        </class>
        <class name="Csir.Spme.Application.Reporting.ReportingPeriodDto" filename="Csir.Spme.Application/Reporting/ReportingContracts.cs" line-rate="0" branch-rate="1" complexity="4">
          <methods>
            <method name="get_Id" signature="()" line-rate="0" branch-rate="1" complexity="1">
              <lines>
                <line number="4" hits="0" branch="False" />
              </lines>
            </method>
            <method name="get_StartDate" signature="()" line-rate="0" branch-rate="1" complexity="1">
              <lines>
                <line number="5" hits="0" branch="False" />
              </lines>
            </method>
            <method name="get_Etag" signature="()" line-rate="0" branch-rate="1" complexity="1">
              <lines>
                <line number="6" hits="0" branch="False" />
              </lines>
            </method>
            <method name=".ctor" signature="(System.Guid,System.String,System.Nullable`1&lt;System.Guid&gt;,System.String,System.String,System.String,System.DateTime,System.DateTime,System.Nullable`1&lt;System.DateTime&gt;,System.String,System.String,System.DateTimeOffset,System.DateTimeOffset)" line-rate="0" branch-rate="1" complexity="1">
              <lines>
                <line number="3" hits="0" branch="False" />
              </lines>
            </method>
          </methods>
          <lines>
            <line number="4" hits="0" branch="False" />
            <line number="5" hits="0" branch="False" />
            <line number="6" hits="0" branch="False" />
            <line number="3" hits="0" branch="False" />
          </lines>
        </class>
        <class name="Csir.Spme.Application.Reporting.CreateReportingPeriodCommand" filename="Csir.Spme.Application/Reporting/ReportingContracts.cs" line-rate="0" branch-rate="1" complexity="3">
          <methods>
            <method name="get_ScopeType" signature="()" line-rate="0" branch-rate="1" complexity="1">
              <lines>
                <line number="9" hits="0" branch="False" />
              </lines>
            </method>
            <method name="get_StartDate" signature="()" line-rate="0" branch-rate="1" complexity="1">
              <lines>
                <line number="10" hits="0" branch="False" />
              </lines>
            </method>
            <method name=".ctor" signature="(System.String,System.Nullable`1&lt;System.Guid&gt;,System.String,System.String,System.String,System.DateTime,System.DateTime,System.Nullable`1&lt;System.DateTime&gt;)" line-rate="0" branch-rate="1" complexity="1">
              <lines>
                <line number="8" hits="0" branch="False" />
              </lines>
            </method>
          </methods>
          <lines>
            <line number="9" hits="0" branch="False" />
            <line number="10" hits="0" branch="False" />
            <line number="8" hits="0" branch="False" />
          </lines>
        </class>
        <class name="Csir.Spme.Application.Reporting.ReportDto" filename="Csir.Spme.Application/Reporting/ReportingContracts.cs" line-rate="0" branch-rate="1" complexity="5">
          <methods>
            <method name="get_Id" signature="()" line-rate="0" branch-rate="1" complexity="1">
              <lines>
                <line number="13" hits="0" branch="False" />
              </lines>
            </method>
            <method name="get_Abstract" signature="()" line-rate="0" branch-rate="1" complexity="1">
              <lines>
                <line number="14" hits="0" branch="False" />
              </lines>
            </method>
            <method name="get_SubmittedAt" signature="()" line-rate="0" branch-rate="1" complexity="1">
              <lines>
                <line number="15" hits="0" branch="False" />
              </lines>
            </method>
            <method name="get_Etag" signature="()" line-rate="0" branch-rate="1" complexity="1">
              <lines>
                <line number="16" hits="0" branch="False" />
              </lines>
            </method>
            <method name=".ctor" signature="(System.Guid,System.Guid,System.Guid,System.String,System.String,System.String,System.String,System.String,System.String,System.String,System.Nullable`1&lt;System.DateTimeOffset&gt;,System.Nullable`1&lt;System.DateTimeOffset&gt;,System.String,System.String,System.DateTimeOffset,System.DateTimeOffset)" line-rate="0" branch-rate="1" complexity="1">
              <lines>
                <line number="12" hits="0" branch="False" />
              </lines>
            </method>
          </methods>
          <lines>
            <line number="13" hits="0" branch="False" />
            <line number="14" hits="0" branch="False" />
            <line number="15" hits="0" branch="False" />
            <line number="16" hits="0" branch="False" />
            <line number="12" hits="0" branch="False" />
          </lines>
        </class>
        <class name="Csir.Spme.Application.Reporting.CreateReportCommand" filename="Csir.Spme.Application/Reporting/ReportingContracts.cs" line-rate="0" branch-rate="1" complexity="3">
          <methods>
            <method name="get_InstituteId" signature="()" line-rate="0" branch-rate="1" complexity="1">
              <lines>
                <line number="19" hits="0" branch="False" />
              </lines>
            </method>
            <method name="get_Abstract" signature="()" line-rate="0" branch-rate="1" complexity="1">
              <lines>
                <line number="20" hits="0" branch="False" />
              </lines>
            </method>
            <method name=".ctor" signature="(System.Nullable`1&lt;System.Guid&gt;,System.Guid,System.String,System.String,System.String,System.String,System.String,System.String)" line-rate="0" branch-rate="1" complexity="1">
              <lines>
                <line number="18" hits="0" branch="False" />
              </lines>
            </method>
          </methods>
          <lines>
            <line number="19" hits="0" branch="False" />
            <line number="20" hits="0" branch="False" />
            <line number="18" hits="0" branch="False" />
          </lines>
        </class>
        <class name="Csir.Spme.Application.Reporting.UpdateReportCommand" filename="Csir.Spme.Application/Reporting/ReportingContracts.cs" line-rate="0" branch-rate="1" complexity="2">
          <methods>
            <method name="get_Title" signature="()" line-rate="0" branch-rate="1" complexity="1">
              <lines>
                <line number="23" hits="0" branch="False" />
              </lines>
            </method>
            <method name=".ctor" signature="(System.String,System.String,System.String,System.String,System.String)" line-rate="0" branch-rate="1" complexity="1">
              <lines>
                <line number="22" hits="0" branch="False" />
              </lines>
            </method>
          </methods>
          <lines>
            <line number="23" hits="0" branch="False" />
            <line number="22" hits="0" branch="False" />
          </lines>
        </class>
        <class name="Csir.Spme.Application.Reporting.ReturnReportCommand" filename="Csir.Spme.Application/Reporting/ReportingContracts.cs" line-rate="0" branch-rate="1" complexity="1">
          <methods>
            <method name="get_ReturnReason" signature="()" line-rate="0" branch-rate="1" complexity="1">
              <lines>
                <line number="25" hits="0" branch="False" />
              </lines>
            </method>
          </methods>
          <lines>
            <line number="25" hits="0" branch="False" />
          </lines>
        </class>
        <class name="Csir.Spme.Application.Reporting.ReportingPeriodService" filename="Csir.Spme.Application/Reporting/ReportingPeriodService.cs" line-rate="0" branch-rate="0" complexity="12">
          <methods>
            <method name="Map" signature="(Csir.Spme.Application.Common.Pagination.ListSlice`1&lt;Csir.Spme.Domain.Reporting.ReportingPeriod&gt;)" line-rate="0" branch-rate="1" complexity="1">
              <lines>
                <line number="176" hits="0" branch="False" />
              </lines>
            </method>
            <method name="Map" signature="(Csir.Spme.Domain.Reporting.ReportingPeriod)" line-rate="0" branch-rate="1" complexity="1">
              <lines>
                <line number="178" hits="0" branch="False" />
                <line number="179" hits="0" branch="False" />
                <line number="180" hits="0" branch="False" />
                <line number="181" hits="0" branch="False" />
              </lines>
            </method>
            <method name="ValidateListFilters" signature="(System.String,System.String)" line-rate="0" branch-rate="0" complexity="8">
              <lines>
                <line number="185" hits="0" branch="False" />
                <line number="186" hits="0" branch="True" condition-coverage="0% (0/4)">
                  <conditions>
                    <condition number="12" type="jump" coverage="0%" />
                    <condition number="30" type="jump" coverage="0%" />
                  </conditions>
                </line>
                <line number="188" hits="0" branch="False" />
                <line number="191" hits="0" branch="True" condition-coverage="0% (0/4)">
                  <conditions>
                    <condition number="88" type="jump" coverage="0%" />
                    <condition number="106" type="jump" coverage="0%" />
                  </conditions>
                </line>
                <line number="193" hits="0" branch="False" />
                <line number="196" hits="0" branch="False" />
              </lines>
            </method>
            <method name=".ctor" signature="(Csir.Spme.Application.Common.Interfaces.IReportingPeriodRepository,Csir.Spme.Application.Common.Interfaces.IInstituteDirectory,Csir.Spme.Application.Common.Interfaces.IApplicationDbContext,Csir.Spme.Application.Common.Interfaces.IAuditService,Csir.Spme.Application.Common.Interfaces.ICurrentUserService,Csir.Spme.Application.Common.Pagination.ICursorCodec,Microsoft.Extensions.Options.IOptions`1&lt;Csir.Spme.Application.Common.Pagination.PaginationOptions&gt;)" line-rate="0" branch-rate="1" complexity="1">
              <lines>
                <line number="23" hits="0" branch="False" />
                <line number="24" hits="0" branch="False" />
                <line number="25" hits="0" branch="False" />
                <line number="26" hits="0" branch="False" />
                <line number="27" hits="0" branch="False" />
                <line number="28" hits="0" branch="False" />
                <line number="29" hits="0" branch="False" />
                <line number="30" hits="0" branch="False" />
                <line number="32" hits="0" branch="False" />
                <line number="33" hits="0" branch="False" />
                <line number="34" hits="0" branch="False" />
                <line number="35" hits="0" branch="False" />
                <line number="36" hits="0" branch="False" />
                <line number="37" hits="0" branch="False" />
                <line number="38" hits="0" branch="False" />
                <line number="39" hits="0" branch="False" />
              </lines>
            </method>
            <method name=".cctor" signature="()" line-rate="0" branch-rate="1" complexity="1">
              <lines>
                <line number="13" hits="0" branch="False" />
              </lines>
            </method>
          </methods>
          <lines>
            <line number="176" hits="0" branch="False" />
            <line number="178" hits="0" branch="False" />
            <line number="179" hits="0" branch="False" />
            <line number="180" hits="0" branch="False" />
            <line number="181" hits="0" branch="False" />
            <line number="185" hits="0" branch="False" />
            <line number="186" hits="0" branch="True" condition-coverage="0% (0/4)">
              <conditions>
                <condition number="12" type="jump" coverage="0%" />
                <condition number="30" type="jump" coverage="0%" />
              </conditions>
            </line>
            <line number="188" hits="0" branch="False" />
            <line number="191" hits="0" branch="True" condition-coverage="0% (0/4)">
              <conditions>
                <condition number="88" type="jump" coverage="0%" />
                <condition number="106" type="jump" coverage="0%" />
              </conditions>
            </line>
            <line number="193" hits="0" branch="False" />
            <line number="196" hits="0" branch="False" />
            <line number="23" hits="0" branch="False" />
            <line number="24" hits="0" branch="False" />
            <line number="25" hits="0" branch="False" />
            <line number="26" hits="0" branch="False" />
            <line number="27" hits="0" branch="False" />
            <line number="28" hits="0" branch="False" />
            <line number="29" hits="0" branch="False" />
            <line number="30" hits="0" branch="False" />
            <line number="32" hits="0" branch="False" />
            <line number="33" hits="0" branch="False" />
            <line number="34" hits="0" branch="False" />
            <line number="35" hits="0" branch="False" />
            <line number="36" hits="0" branch="False" />
            <line number="37" hits="0" branch="False" />
            <line number="38" hits="0" branch="False" />
            <line number="39" hits="0" branch="False" />
            <line number="13" hits="0" branch="False" />
          </lines>
        </class>
        <class name="Csir.Spme.Application.Reporting.ReportingPeriodService/&lt;CreateAsync&gt;d__11" filename="Csir.Spme.Application/Reporting/ReportingPeriodService.cs" line-rate="0" branch-rate="0" complexity="42">
          <methods>
            <method name="MoveNext" signature="()" line-rate="0" branch-rate="0" complexity="42">
              <lines>
                <line number="85" hits="0" branch="True" condition-coverage="0% (0/4)">
                  <conditions>
                    <condition number="48" type="jump" coverage="0%" />
                    <condition number="60" type="jump" coverage="0%" />
                  </conditions>
                </line>
                <line number="86" hits="0" branch="False" />
                <line number="88" hits="0" branch="True" condition-coverage="0% (0/2)">
                  <conditions>
                    <condition number="87" type="jump" coverage="0%" />
                  </conditions>
                </line>
                <line number="90" hits="0" branch="False" />
                <line number="93" hits="0" branch="True" condition-coverage="0% (0/4)">
                  <conditions>
                    <condition number="157" type="jump" coverage="0%" />
                    <condition number="173" type="jump" coverage="0%" />
                  </conditions>
                </line>
                <line number="95" hits="0" branch="False" />
                <line number="98" hits="0" branch="True" condition-coverage="0% (0/4)">
                  <conditions>
                    <condition number="242" type="jump" coverage="0%" />
                    <condition number="262" type="jump" coverage="0%" />
                  </conditions>
                </line>
                <line number="100" hits="0" branch="False" />
                <line number="103" hits="0" branch="True" condition-coverage="0% (0/4)">
                  <conditions>
                    <condition number="306" type="jump" coverage="0%" />
                    <condition number="329" type="jump" coverage="0%" />
                  </conditions>
                </line>
                <line number="105" hits="0" branch="False" />
                <line number="108" hits="0" branch="True" condition-coverage="0% (0/2)">
                  <conditions>
                    <condition number="384" type="jump" coverage="0%" />
                  </conditions>
                </line>
                <line number="110" hits="0" branch="False" />
                <line number="116" hits="0" branch="True" condition-coverage="0% (0/2)">
                  <conditions>
                    <condition number="432" type="jump" coverage="0%" />
                  </conditions>
                </line>
                <line number="118" hits="0" branch="False" />
                <line number="119" hits="0" branch="True" condition-coverage="0% (0/4)">
                  <conditions>
                    <condition number="485" type="jump" coverage="0%" />
                    <condition number="523" type="jump" coverage="0%" />
                  </conditions>
                </line>
                <line number="121" hits="0" branch="False" />
                <line number="122" hits="0" branch="False" />
                <line number="127" hits="0" branch="False" />
                <line number="130" hits="0" branch="True" condition-coverage="0% (0/2)">
                  <conditions>
                    <condition number="584" type="jump" coverage="0%" />
                  </conditions>
                </line>
                <line number="131" hits="0" branch="True" condition-coverage="0% (0/2)">
                  <conditions>
                    <condition number="615" type="jump" coverage="0%" />
                  </conditions>
                </line>
                <line number="133" hits="0" branch="False" />
                <line number="135" hits="0" branch="True" condition-coverage="0% (0/2)">
                  <conditions>
                    <condition number="642" type="jump" coverage="0%" />
                  </conditions>
                </line>
                <line number="137" hits="0" branch="False" />
                <line number="140" hits="0" branch="True" condition-coverage="0% (0/2)">
                  <conditions>
                    <condition number="678" type="jump" coverage="0%" />
                  </conditions>
                </line>
                <line number="142" hits="0" branch="False" />
                <line number="145" hits="0" branch="True" condition-coverage="0% (0/4)">
                  <conditions>
                    <condition number="713" type="jump" coverage="0%" />
                    <condition number="838" type="jump" coverage="0%" />
                  </conditions>
                </line>
                <line number="147" hits="0" branch="False" />
                <line number="148" hits="0" branch="False" />
                <line number="149" hits="0" branch="False" />
                <line number="150" hits="0" branch="False" />
                <line number="153" hits="0" branch="False" />
                <line number="154" hits="0" branch="True" condition-coverage="0% (0/2)">
                  <conditions>
                    <condition number="1046" type="jump" coverage="0%" />
                  </conditions>
                </line>
                <line number="156" hits="0" branch="False" />
                <line number="157" hits="0" branch="False" />
                <line number="160" hits="0" branch="False" />
                <line number="161" hits="0" branch="False" />
                <line number="162" hits="0" branch="True" condition-coverage="0% (0/2)">
                  <conditions>
                    <condition number="1166" type="jump" coverage="0%" />
                  </conditions>
                </line>
                <line number="164" hits="0" branch="False" />
                <line number="167" hits="0" branch="False" />
                <line number="168" hits="0" branch="False" />
                <line number="169" hits="0" branch="False" />
                <line number="170" hits="0" branch="False" />
                <line number="171" hits="0" branch="False" />
                <line number="172" hits="0" branch="False" />
                <line number="173" hits="0" branch="False" />
              </lines>
            </method>
          </methods>
          <lines>
            <line number="85" hits="0" branch="True" condition-coverage="0% (0/4)">
              <conditions>
                <condition number="48" type="jump" coverage="0%" />
                <condition number="60" type="jump" coverage="0%" />
              </conditions>
            </line>
            <line number="86" hits="0" branch="False" />
            <line number="88" hits="0" branch="True" condition-coverage="0% (0/2)">
              <conditions>
                <condition number="87" type="jump" coverage="0%" />
              </conditions>
            </line>
            <line number="90" hits="0" branch="False" />
            <line number="93" hits="0" branch="True" condition-coverage="0% (0/4)">
              <conditions>
                <condition number="157" type="jump" coverage="0%" />
                <condition number="173" type="jump" coverage="0%" />
              </conditions>
            </line>
            <line number="95" hits="0" branch="False" />
            <line number="98" hits="0" branch="True" condition-coverage="0% (0/4)">
              <conditions>
                <condition number="242" type="jump" coverage="0%" />
                <condition number="262" type="jump" coverage="0%" />
              </conditions>
            </line>
            <line number="100" hits="0" branch="False" />
            <line number="103" hits="0" branch="True" condition-coverage="0% (0/4)">
              <conditions>
                <condition number="306" type="jump" coverage="0%" />
                <condition number="329" type="jump" coverage="0%" />
              </conditions>
            </line>
            <line number="105" hits="0" branch="False" />
            <line number="108" hits="0" branch="True" condition-coverage="0% (0/2)">
              <conditions>
                <condition number="384" type="jump" coverage="0%" />
              </conditions>
            </line>
            <line number="110" hits="0" branch="False" />
            <line number="116" hits="0" branch="True" condition-coverage="0% (0/2)">
              <conditions>
                <condition number="432" type="jump" coverage="0%" />
              </conditions>
            </line>
            <line number="118" hits="0" branch="False" />
            <line number="119" hits="0" branch="True" condition-coverage="0% (0/4)">
              <conditions>
                <condition number="485" type="jump" coverage="0%" />
                <condition number="523" type="jump" coverage="0%" />
              </conditions>
            </line>
            <line number="121" hits="0" branch="False" />
            <line number="122" hits="0" branch="False" />
            <line number="127" hits="0" branch="False" />
            <line number="130" hits="0" branch="True" condition-coverage="0% (0/2)">
              <conditions>
                <condition number="584" type="jump" coverage="0%" />
              </conditions>
            </line>
            <line number="131" hits="0" branch="True" condition-coverage="0% (0/2)">
              <conditions>
                <condition number="615" type="jump" coverage="0%" />
              </conditions>
            </line>
            <line number="133" hits="0" branch="False" />
            <line number="135" hits="0" branch="True" condition-coverage="0% (0/2)">
              <conditions>
                <condition number="642" type="jump" coverage="0%" />
              </conditions>
            </line>
            <line number="137" hits="0" branch="False" />
            <line number="140" hits="0" branch="True" condition-coverage="0% (0/2)">
              <conditions>
                <condition number="678" type="jump" coverage="0%" />
              </conditions>
            </line>
            <line number="142" hits="0" branch="False" />
            <line number="145" hits="0" branch="True" condition-coverage="0% (0/4)">
              <conditions>
                <condition number="713" type="jump" coverage="0%" />
                <condition number="838" type="jump" coverage="0%" />
              </conditions>
            </line>
            <line number="147" hits="0" branch="False" />
            <line number="148" hits="0" branch="False" />
            <line number="149" hits="0" branch="False" />
            <line number="150" hits="0" branch="False" />
            <line number="153" hits="0" branch="False" />
            <line number="154" hits="0" branch="True" condition-coverage="0% (0/2)">
              <conditions>
                <condition number="1046" type="jump" coverage="0%" />
              </conditions>
            </line>
            <line number="156" hits="0" branch="False" />
            <line number="157" hits="0" branch="False" />
            <line number="160" hits="0" branch="False" />
            <line number="161" hits="0" branch="False" />
            <line number="162" hits="0" branch="True" condition-coverage="0% (0/2)">
              <conditions>
                <condition number="1166" type="jump" coverage="0%" />
              </conditions>
            </line>
            <line number="164" hits="0" branch="False" />
            <line number="167" hits="0" branch="False" />
            <line number="168" hits="0" branch="False" />
            <line number="169" hits="0" branch="False" />
            <line number="170" hits="0" branch="False" />
            <line number="171" hits="0" branch="False" />
            <line number="172" hits="0" branch="False" />
            <line number="173" hits="0" branch="False" />
          </lines>
        </class>
        <class name="Csir.Spme.Application.Reporting.ReportingPeriodService/&lt;GetAsync&gt;d__10" filename="Csir.Spme.Application/Reporting/ReportingPeriodService.cs" line-rate="0" branch-rate="0" complexity="8">
          <methods>
            <method name="MoveNext" signature="()" line-rate="0" branch-rate="0" complexity="8">
              <lines>
                <line number="70" hits="0" branch="False" />
                <line number="71" hits="0" branch="False" />
                <line number="72" hits="0" branch="True" condition-coverage="0% (0/6)">
                  <conditions>
                    <condition number="163" type="jump" coverage="0%" />
                    <condition number="181" type="jump" coverage="0%" />
                    <condition number="198" type="jump" coverage="0%" />
                  </conditions>
                </line>
                <line number="73" hits="0" branch="False" />
                <line number="74" hits="0" branch="False" />
                <line number="75" hits="0" branch="True" condition-coverage="0% (0/2)">
                  <conditions>
                    <condition number="231" type="jump" coverage="0%" />
                  </conditions>
                </line>
                <line number="77" hits="0" branch="False" />
                <line number="80" hits="0" branch="False" />
                <line number="81" hits="0" branch="False" />
              </lines>
            </method>
          </methods>
          <lines>
            <line number="70" hits="0" branch="False" />
            <line number="71" hits="0" branch="False" />
            <line number="72" hits="0" branch="True" condition-coverage="0% (0/6)">
              <conditions>
                <condition number="163" type="jump" coverage="0%" />
                <condition number="181" type="jump" coverage="0%" />
                <condition number="198" type="jump" coverage="0%" />
              </conditions>
            </line>
            <line number="73" hits="0" branch="False" />
            <line number="74" hits="0" branch="False" />
            <line number="75" hits="0" branch="True" condition-coverage="0% (0/2)">
              <conditions>
                <condition number="231" type="jump" coverage="0%" />
              </conditions>
            </line>
            <line number="77" hits="0" branch="False" />
            <line number="80" hits="0" branch="False" />
            <line number="81" hits="0" branch="False" />
          </lines>
        </class>
        <class name="Csir.Spme.Application.Reporting.ReportingPeriodService/&lt;ListAsync&gt;d__9" filename="Csir.Spme.Application/Reporting/ReportingPeriodService.cs" line-rate="0" branch-rate="0" complexity="10">
          <methods>
            <method name="MoveNext" signature="()" line-rate="0" branch-rate="0" complexity="10">
              <lines>
                <line number="45" hits="0" branch="False" />
                <line number="46" hits="0" branch="True" condition-coverage="0% (0/2)">
                  <conditions>
                    <condition number="49" type="jump" coverage="0%" />
                  </conditions>
                </line>
                <line number="48" hits="0" branch="False" />
                <line number="51" hits="0" branch="False" />
                <line number="52" hits="0" branch="True" condition-coverage="0% (0/2)">
                  <conditions>
                    <condition number="95" type="jump" coverage="0%" />
                  </conditions>
                </line>
                <line number="54" hits="0" branch="False" />
                <line number="57" hits="0" branch="False" />
                <line number="58" hits="0" branch="False" />
                <line number="59" hits="0" branch="True" condition-coverage="0% (0/2)">
                  <conditions>
                    <condition number="192" type="jump" coverage="0%" />
                  </conditions>
                </line>
                <line number="61" hits="0" branch="False" />
                <line number="64" hits="0" branch="True" condition-coverage="0% (0/4)">
                  <conditions>
                    <condition number="236" type="jump" coverage="0%" />
                    <condition number="254" type="jump" coverage="0%" />
                  </conditions>
                </line>
                <line number="65" hits="0" branch="False" />
                <line number="66" hits="0" branch="False" />
              </lines>
            </method>
          </methods>
          <lines>
            <line number="45" hits="0" branch="False" />
            <line number="46" hits="0" branch="True" condition-coverage="0% (0/2)">
              <conditions>
                <condition number="49" type="jump" coverage="0%" />
              </conditions>
            </line>
            <line number="48" hits="0" branch="False" />
            <line number="51" hits="0" branch="False" />
            <line number="52" hits="0" branch="True" condition-coverage="0% (0/2)">
              <conditions>
                <condition number="95" type="jump" coverage="0%" />
              </conditions>
            </line>
            <line number="54" hits="0" branch="False" />
            <line number="57" hits="0" branch="False" />
            <line number="58" hits="0" branch="False" />
            <line number="59" hits="0" branch="True" condition-coverage="0% (0/2)">
              <conditions>
                <condition number="192" type="jump" coverage="0%" />
              </conditions>
            </line>
            <line number="61" hits="0" branch="False" />
            <line number="64" hits="0" branch="True" condition-coverage="0% (0/4)">
              <conditions>
                <condition number="236" type="jump" coverage="0%" />
                <condition number="254" type="jump" coverage="0%" />
              </conditions>
            </line>
            <line number="65" hits="0" branch="False" />
            <line number="66" hits="0" branch="False" />
          </lines>
        </class>
        <class name="Csir.Spme.Application.Reporting.ReportService" filename="Csir.Spme.Application/Reporting/ReportService.cs" line-rate="0" branch-rate="0" complexity="21">
          <methods>
            <method name="IsAccessible" signature="(Csir.Spme.Domain.Reporting.Report)" line-rate="0" branch-rate="0" complexity="2">
              <lines>
                <line number="278" hits="0" branch="True" condition-coverage="0% (0/2)">
                  <conditions>
                    <condition number="1" type="jump" coverage="0%" />
                  </conditions>
                </line>
              </lines>
            </method>
            <method name="Snapshot" signature="(Csir.Spme.Domain.Reporting.Report)" line-rate="0" branch-rate="1" complexity="1">
              <lines>
                <line number="281" hits="0" branch="False" />
              </lines>
            </method>
            <method name="ValidateContent" signature="(System.String,System.String,System.String)" line-rate="0" branch-rate="0" complexity="10">
              <lines>
                <line number="285" hits="0" branch="False" />
                <line number="286" hits="0" branch="True" condition-coverage="0% (0/4)">
                  <conditions>
                    <condition number="7" type="jump" coverage="0%" />
                    <condition number="25" type="jump" coverage="0%" />
                  </conditions>
                </line>
                <line number="288" hits="0" branch="False" />
                <line number="291" hits="0" branch="True" condition-coverage="0% (0/4)">
                  <conditions>
                    <condition number="83" type="jump" coverage="0%" />
                    <condition number="96" type="jump" coverage="0%" />
                  </conditions>
                </line>
                <line number="293" hits="0" branch="False" />
                <line number="296" hits="0" branch="True" condition-coverage="0% (0/2)">
                  <conditions>
                    <condition number="129" type="jump" coverage="0%" />
                  </conditions>
                </line>
                <line number="298" hits="0" branch="False" />
                <line number="301" hits="0" branch="False" />
              </lines>
            </method>
            <method name="Map" signature="(Csir.Spme.Application.Common.Pagination.ListSlice`1&lt;Csir.Spme.Domain.Reporting.Report&gt;)" line-rate="0" branch-rate="1" complexity="1">
              <lines>
                <line number="305" hits="0" branch="False" />
              </lines>
            </method>
            <method name="Map" signature="(Csir.Spme.Domain.Reporting.Report)" line-rate="0" branch-rate="1" complexity="1">
              <lines>
                <line number="307" hits="0" branch="False" />
                <line number="308" hits="0" branch="False" />
                <line number="309" hits="0" branch="False" />
                <line number="310" hits="0" branch="False" />
                <line number="311" hits="0" branch="False" />
              </lines>
            </method>
            <method name="&lt;SubmitAsync&gt;b__14_0" signature="(Csir.Spme.Domain.Reporting.Report)" line-rate="0" branch-rate="0" complexity="2">
              <lines>
                <line number="222" hits="0" branch="True" condition-coverage="0% (0/2)">
                  <conditions>
                    <condition number="20" type="jump" coverage="0%" />
                  </conditions>
                </line>
              </lines>
            </method>
            <method name="&lt;ApproveAsync&gt;b__15_0" signature="(Csir.Spme.Domain.Reporting.Report)" line-rate="0" branch-rate="0" complexity="2">
              <lines>
                <line number="228" hits="0" branch="True" condition-coverage="0% (0/2)">
                  <conditions>
                    <condition number="20" type="jump" coverage="0%" />
                  </conditions>
                </line>
              </lines>
            </method>
            <method name=".ctor" signature="(Csir.Spme.Application.Common.Interfaces.IReportRepository,Csir.Spme.Application.Common.Interfaces.IReportingPeriodRepository,Csir.Spme.Application.Common.Interfaces.IApplicationDbContext,Csir.Spme.Application.Common.Interfaces.IAuditService,Csir.Spme.Application.Common.Interfaces.ICurrentUserService,Csir.Spme.Application.Common.Pagination.ICursorCodec,Microsoft.Extensions.Options.IOptions`1&lt;Csir.Spme.Application.Common.Pagination.PaginationOptions&gt;)" line-rate="0" branch-rate="1" complexity="1">
              <lines>
                <line number="23" hits="0" branch="False" />
                <line number="24" hits="0" branch="False" />
                <line number="25" hits="0" branch="False" />
                <line number="26" hits="0" branch="False" />
                <line number="27" hits="0" branch="False" />
                <line number="28" hits="0" branch="False" />
                <line number="29" hits="0" branch="False" />
                <line number="30" hits="0" branch="False" />
                <line number="32" hits="0" branch="False" />
                <line number="33" hits="0" branch="False" />
                <line number="34" hits="0" branch="False" />
                <line number="35" hits="0" branch="False" />
                <line number="36" hits="0" branch="False" />
                <line number="37" hits="0" branch="False" />
                <line number="38" hits="0" branch="False" />
                <line number="39" hits="0" branch="False" />
              </lines>
            </method>
            <method name=".cctor" signature="()" line-rate="0" branch-rate="1" complexity="1">
              <lines>
                <line number="13" hits="0" branch="False" />
              </lines>
            </method>
          </methods>
          <lines>
            <line number="278" hits="0" branch="True" condition-coverage="0% (0/2)">
              <conditions>
                <condition number="1" type="jump" coverage="0%" />
              </conditions>
            </line>
            <line number="281" hits="0" branch="False" />
            <line number="285" hits="0" branch="False" />
            <line number="286" hits="0" branch="True" condition-coverage="0% (0/4)">
              <conditions>
                <condition number="7" type="jump" coverage="0%" />
                <condition number="25" type="jump" coverage="0%" />
              </conditions>
            </line>
            <line number="288" hits="0" branch="False" />
            <line number="291" hits="0" branch="True" condition-coverage="0% (0/4)">
              <conditions>
                <condition number="83" type="jump" coverage="0%" />
                <condition number="96" type="jump" coverage="0%" />
              </conditions>
            </line>
            <line number="293" hits="0" branch="False" />
            <line number="296" hits="0" branch="True" condition-coverage="0% (0/2)">
              <conditions>
                <condition number="129" type="jump" coverage="0%" />
              </conditions>
            </line>
            <line number="298" hits="0" branch="False" />
            <line number="301" hits="0" branch="False" />
            <line number="305" hits="0" branch="False" />
            <line number="307" hits="0" branch="False" />
            <line number="308" hits="0" branch="False" />
            <line number="309" hits="0" branch="False" />
            <line number="310" hits="0" branch="False" />
            <line number="311" hits="0" branch="False" />
            <line number="222" hits="0" branch="True" condition-coverage="0% (0/2)">
              <conditions>
                <condition number="20" type="jump" coverage="0%" />
              </conditions>
            </line>
            <line number="228" hits="0" branch="True" condition-coverage="0% (0/2)">
              <conditions>
                <condition number="20" type="jump" coverage="0%" />
              </conditions>
            </line>
            <line number="23" hits="0" branch="False" />
            <line number="24" hits="0" branch="False" />
            <line number="25" hits="0" branch="False" />
            <line number="26" hits="0" branch="False" />
            <line number="27" hits="0" branch="False" />
            <line number="28" hits="0" branch="False" />
            <line number="29" hits="0" branch="False" />
            <line number="30" hits="0" branch="False" />
            <line number="32" hits="0" branch="False" />
            <line number="33" hits="0" branch="False" />
            <line number="34" hits="0" branch="False" />
            <line number="35" hits="0" branch="False" />
            <line number="36" hits="0" branch="False" />
            <line number="37" hits="0" branch="False" />
            <line number="38" hits="0" branch="False" />
            <line number="39" hits="0" branch="False" />
            <line number="13" hits="0" branch="False" />
          </lines>
        </class>
        <class name="Csir.Spme.Application.Reporting.ReportService/&lt;&gt;c__DisplayClass16_0" filename="Csir.Spme.Application/Reporting/ReportService.cs" line-rate="0" branch-rate="1" complexity="1">
          <methods>
            <method name="&lt;ReturnAsync&gt;b__0" signature="(Csir.Spme.Domain.Reporting.Report)" line-rate="0" branch-rate="1" complexity="1">
              <lines>
                <line number="233" hits="0" branch="False" />
              </lines>
            </method>
          </methods>
          <lines>
            <line number="233" hits="0" branch="False" />
          </lines>
        </class>
        <class name="Csir.Spme.Application.Reporting.ReportService/&lt;ApproveAsync&gt;d__15" filename="Csir.Spme.Application/Reporting/ReportService.cs" line-rate="0" branch-rate="1" complexity="1">
          <methods>
            <method name="MoveNext" signature="()" line-rate="0" branch-rate="1" complexity="1">
              <lines>
                <line number="227" hits="0" branch="False" />
                <line number="229" hits="0" branch="False" />
              </lines>
            </method>
          </methods>
          <lines>
            <line number="227" hits="0" branch="False" />
            <line number="229" hits="0" branch="False" />
          </lines>
        </class>
        <class name="Csir.Spme.Application.Reporting.ReportService/&lt;CreateAsync&gt;d__11" filename="Csir.Spme.Application/Reporting/ReportService.cs" line-rate="0" branch-rate="0" complexity="18">
          <methods>
            <method name="MoveNext" signature="()" line-rate="0" branch-rate="0" complexity="18">
              <lines>
                <line number="92" hits="0" branch="False" />
                <line number="93" hits="0" branch="True" condition-coverage="0% (0/2)">
                  <conditions>
                    <condition number="82" type="jump" coverage="0%" />
                  </conditions>
                </line>
                <line number="95" hits="0" branch="False" />
                <line number="98" hits="0" branch="False" />
                <line number="99" hits="0" branch="True" condition-coverage="0% (0/2)">
                  <conditions>
                    <condition number="233" type="jump" coverage="0%" />
                  </conditions>
                </line>
                <line number="101" hits="0" branch="False" />
                <line number="102" hits="0" branch="False" />
                <line number="103" hits="0" branch="False" />
                <line number="104" hits="0" branch="False" />
                <line number="109" hits="0" branch="False" />
                <line number="110" hits="0" branch="True" condition-coverage="0% (0/2)">
                  <conditions>
                    <condition number="322" type="jump" coverage="0%" />
                  </conditions>
                </line>
                <line number="112" hits="0" branch="False" />
                <line number="116" hits="0" branch="True" condition-coverage="0% (0/2)">
                  <conditions>
                    <condition number="363" type="jump" coverage="0%" />
                  </conditions>
                </line>
                <line number="118" hits="0" branch="True" condition-coverage="0% (0/2)">
                  <conditions>
                    <condition number="386" type="jump" coverage="0%" />
                  </conditions>
                </line>
                <line number="120" hits="0" branch="False" />
                <line number="121" hits="0" branch="False" />
                <line number="122" hits="0" branch="False" />
                <line number="123" hits="0" branch="False" />
                <line number="126" hits="0" branch="False" />
                <line number="130" hits="0" branch="False" />
                <line number="131" hits="0" branch="True" condition-coverage="0% (0/4)">
                  <conditions>
                    <condition number="517" type="jump" coverage="0%" />
                    <condition number="550" type="jump" coverage="0%" />
                  </conditions>
                </line>
                <line number="133" hits="0" branch="False" />
                <line number="134" hits="0" branch="False" />
                <line number="135" hits="0" branch="False" />
                <line number="136" hits="0" branch="False" />
                <line number="140" hits="0" branch="True" condition-coverage="0% (0/2)">
                  <conditions>
                    <condition number="621" type="jump" coverage="0%" />
                  </conditions>
                </line>
                <line number="142" hits="0" branch="False" />
                <line number="143" hits="0" branch="False" />
                <line number="146" hits="0" branch="False" />
                <line number="147" hits="0" branch="True" condition-coverage="0% (0/2)">
                  <conditions>
                    <condition number="804" type="jump" coverage="0%" />
                  </conditions>
                </line>
                <line number="149" hits="0" branch="False" />
                <line number="150" hits="0" branch="False" />
                <line number="153" hits="0" branch="False" />
                <line number="154" hits="0" branch="False" />
                <line number="155" hits="0" branch="False" />
                <line number="156" hits="0" branch="False" />
                <line number="157" hits="0" branch="False" />
                <line number="158" hits="0" branch="False" />
                <line number="159" hits="0" branch="False" />
                <line number="160" hits="0" branch="False" />
              </lines>
            </method>
          </methods>
          <lines>
            <line number="92" hits="0" branch="False" />
            <line number="93" hits="0" branch="True" condition-coverage="0% (0/2)">
              <conditions>
                <condition number="82" type="jump" coverage="0%" />
              </conditions>
            </line>
            <line number="95" hits="0" branch="False" />
            <line number="98" hits="0" branch="False" />
            <line number="99" hits="0" branch="True" condition-coverage="0% (0/2)">
              <conditions>
                <condition number="233" type="jump" coverage="0%" />
              </conditions>
            </line>
            <line number="101" hits="0" branch="False" />
            <line number="102" hits="0" branch="False" />
            <line number="103" hits="0" branch="False" />
            <line number="104" hits="0" branch="False" />
            <line number="109" hits="0" branch="False" />
            <line number="110" hits="0" branch="True" condition-coverage="0% (0/2)">
              <conditions>
                <condition number="322" type="jump" coverage="0%" />
              </conditions>
            </line>
            <line number="112" hits="0" branch="False" />
            <line number="116" hits="0" branch="True" condition-coverage="0% (0/2)">
              <conditions>
                <condition number="363" type="jump" coverage="0%" />
              </conditions>
            </line>
            <line number="118" hits="0" branch="True" condition-coverage="0% (0/2)">
              <conditions>
                <condition number="386" type="jump" coverage="0%" />
              </conditions>
            </line>
            <line number="120" hits="0" branch="False" />
            <line number="121" hits="0" branch="False" />
            <line number="122" hits="0" branch="False" />
            <line number="123" hits="0" branch="False" />
            <line number="126" hits="0" branch="False" />
            <line number="130" hits="0" branch="False" />
            <line number="131" hits="0" branch="True" condition-coverage="0% (0/4)">
              <conditions>
                <condition number="517" type="jump" coverage="0%" />
                <condition number="550" type="jump" coverage="0%" />
              </conditions>
            </line>
            <line number="133" hits="0" branch="False" />
            <line number="134" hits="0" branch="False" />
            <line number="135" hits="0" branch="False" />
            <line number="136" hits="0" branch="False" />
            <line number="140" hits="0" branch="True" condition-coverage="0% (0/2)">
              <conditions>
                <condition number="621" type="jump" coverage="0%" />
              </conditions>
            </line>
            <line number="142" hits="0" branch="False" />
            <line number="143" hits="0" branch="False" />
            <line number="146" hits="0" branch="False" />
            <line number="147" hits="0" branch="True" condition-coverage="0% (0/2)">
              <conditions>
                <condition number="804" type="jump" coverage="0%" />
              </conditions>
            </line>
            <line number="149" hits="0" branch="False" />
            <line number="150" hits="0" branch="False" />
            <line number="153" hits="0" branch="False" />
            <line number="154" hits="0" branch="False" />
            <line number="155" hits="0" branch="False" />
            <line number="156" hits="0" branch="False" />
            <line number="157" hits="0" branch="False" />
            <line number="158" hits="0" branch="False" />
            <line number="159" hits="0" branch="False" />
            <line number="160" hits="0" branch="False" />
          </lines>
        </class>
        <class name="Csir.Spme.Application.Reporting.ReportService/&lt;DeleteAsync&gt;d__13" filename="Csir.Spme.Application/Reporting/ReportService.cs" line-rate="0" branch-rate="0" complexity="10">
          <methods>
            <method name="MoveNext" signature="()" line-rate="0" branch-rate="0" complexity="10">
              <lines>
                <line number="194" hits="0" branch="False" />
                <line number="195" hits="0" branch="True" condition-coverage="0% (0/2)">
                  <conditions>
                    <condition number="167" type="jump" coverage="0%" />
                  </conditions>
                </line>
                <line number="197" hits="0" branch="False" />
                <line number="200" hits="0" branch="True" condition-coverage="0% (0/6)">
                  <conditions>
                    <condition number="215" type="jump" coverage="0%" />
                    <condition number="229" type="jump" coverage="0%" />
                    <condition number="241" type="jump" coverage="0%" />
                  </conditions>
                </line>
                <line number="202" hits="0" branch="False" />
                <line number="203" hits="0" branch="False" />
                <line number="206" hits="0" branch="True" condition-coverage="0% (0/2)">
                  <conditions>
                    <condition number="380" type="jump" coverage="0%" />
                  </conditions>
                </line>
                <line number="208" hits="0" branch="False" />
                <line number="209" hits="0" branch="False" />
                <line number="212" hits="0" branch="False" />
                <line number="213" hits="0" branch="False" />
                <line number="214" hits="0" branch="False" />
                <line number="215" hits="0" branch="False" />
                <line number="216" hits="0" branch="False" />
                <line number="217" hits="0" branch="False" />
              </lines>
            </method>
          </methods>
          <lines>
            <line number="194" hits="0" branch="False" />
            <line number="195" hits="0" branch="True" condition-coverage="0% (0/2)">
              <conditions>
                <condition number="167" type="jump" coverage="0%" />
              </conditions>
            </line>
            <line number="197" hits="0" branch="False" />
            <line number="200" hits="0" branch="True" condition-coverage="0% (0/6)">
              <conditions>
                <condition number="215" type="jump" coverage="0%" />
                <condition number="229" type="jump" coverage="0%" />
                <condition number="241" type="jump" coverage="0%" />
              </conditions>
            </line>
            <line number="202" hits="0" branch="False" />
            <line number="203" hits="0" branch="False" />
            <line number="206" hits="0" branch="True" condition-coverage="0% (0/2)">
              <conditions>
                <condition number="380" type="jump" coverage="0%" />
              </conditions>
            </line>
            <line number="208" hits="0" branch="False" />
            <line number="209" hits="0" branch="False" />
            <line number="212" hits="0" branch="False" />
            <line number="213" hits="0" branch="False" />
            <line number="214" hits="0" branch="False" />
            <line number="215" hits="0" branch="False" />
            <line number="216" hits="0" branch="False" />
            <line number="217" hits="0" branch="False" />
          </lines>
        </class>
        <class name="Csir.Spme.Application.Reporting.ReportService/&lt;GetAsync&gt;d__10" filename="Csir.Spme.Application/Reporting/ReportService.cs" line-rate="0" branch-rate="0" complexity="2">
          <methods>
            <method name="MoveNext" signature="()" line-rate="0" branch-rate="0" complexity="2">
              <lines>
                <line number="81" hits="0" branch="False" />
                <line number="82" hits="0" branch="True" condition-coverage="0% (0/2)">
                  <conditions>
                    <condition number="133" type="jump" coverage="0%" />
                  </conditions>
                </line>
                <line number="84" hits="0" branch="False" />
                <line number="87" hits="0" branch="False" />
                <line number="88" hits="0" branch="False" />
              </lines>
            </method>
          </methods>
          <lines>
            <line number="81" hits="0" branch="False" />
            <line number="82" hits="0" branch="True" condition-coverage="0% (0/2)">
              <conditions>
                <condition number="133" type="jump" coverage="0%" />
              </conditions>
            </line>
            <line number="84" hits="0" branch="False" />
            <line number="87" hits="0" branch="False" />
            <line number="88" hits="0" branch="False" />
          </lines>
        </class>
        <class name="Csir.Spme.Application.Reporting.ReportService/&lt;ListAsync&gt;d__9" filename="Csir.Spme.Application/Reporting/ReportService.cs" line-rate="0" branch-rate="0" complexity="18">
          <methods>
            <method name="MoveNext" signature="()" line-rate="0" branch-rate="0" complexity="18">
              <lines>
                <line number="45" hits="0" branch="False" />
                <line number="46" hits="0" branch="True" condition-coverage="0% (0/2)">
                  <conditions>
                    <condition number="49" type="jump" coverage="0%" />
                  </conditions>
                </line>
                <line number="48" hits="0" branch="False" />
                <line number="51" hits="0" branch="False" />
                <line number="52" hits="0" branch="True" condition-coverage="0% (0/4)">
                  <conditions>
                    <condition number="86" type="jump" coverage="0%" />
                    <condition number="109" type="jump" coverage="0%" />
                  </conditions>
                </line>
                <line number="54" hits="0" branch="False" />
                <line number="57" hits="0" branch="True" condition-coverage="0% (0/4)">
                  <conditions>
                    <condition number="173" type="jump" coverage="0%" />
                    <condition number="196" type="jump" coverage="0%" />
                  </conditions>
                </line>
                <line number="59" hits="0" branch="False" />
                <line number="62" hits="0" branch="True" condition-coverage="0% (0/2)">
                  <conditions>
                    <condition number="257" type="jump" coverage="0%" />
                  </conditions>
                </line>
                <line number="64" hits="0" branch="False" />
                <line number="67" hits="0" branch="False" />
                <line number="68" hits="0" branch="False" />
                <line number="69" hits="0" branch="True" condition-coverage="0% (0/2)">
                  <conditions>
                    <condition number="354" type="jump" coverage="0%" />
                  </conditions>
                </line>
                <line number="71" hits="0" branch="False" />
                <line number="74" hits="0" branch="True" condition-coverage="0% (0/4)">
                  <conditions>
                    <condition number="398" type="jump" coverage="0%" />
                    <condition number="416" type="jump" coverage="0%" />
                  </conditions>
                </line>
                <line number="75" hits="0" branch="False" />
                <line number="76" hits="0" branch="False" />
                <line number="77" hits="0" branch="False" />
              </lines>
            </method>
          </methods>
          <lines>
            <line number="45" hits="0" branch="False" />
            <line number="46" hits="0" branch="True" condition-coverage="0% (0/2)">
              <conditions>
                <condition number="49" type="jump" coverage="0%" />
              </conditions>
            </line>
            <line number="48" hits="0" branch="False" />
            <line number="51" hits="0" branch="False" />
            <line number="52" hits="0" branch="True" condition-coverage="0% (0/4)">
              <conditions>
                <condition number="86" type="jump" coverage="0%" />
                <condition number="109" type="jump" coverage="0%" />
              </conditions>
            </line>
            <line number="54" hits="0" branch="False" />
            <line number="57" hits="0" branch="True" condition-coverage="0% (0/4)">
              <conditions>
                <condition number="173" type="jump" coverage="0%" />
                <condition number="196" type="jump" coverage="0%" />
              </conditions>
            </line>
            <line number="59" hits="0" branch="False" />
            <line number="62" hits="0" branch="True" condition-coverage="0% (0/2)">
              <conditions>
                <condition number="257" type="jump" coverage="0%" />
              </conditions>
            </line>
            <line number="64" hits="0" branch="False" />
            <line number="67" hits="0" branch="False" />
            <line number="68" hits="0" branch="False" />
            <line number="69" hits="0" branch="True" condition-coverage="0% (0/2)">
              <conditions>
                <condition number="354" type="jump" coverage="0%" />
              </conditions>
            </line>
            <line number="71" hits="0" branch="False" />
            <line number="74" hits="0" branch="True" condition-coverage="0% (0/4)">
              <conditions>
                <condition number="398" type="jump" coverage="0%" />
                <condition number="416" type="jump" coverage="0%" />
              </conditions>
            </line>
            <line number="75" hits="0" branch="False" />
            <line number="76" hits="0" branch="False" />
            <line number="77" hits="0" branch="False" />
          </lines>
        </class>
        <class name="Csir.Spme.Application.Reporting.ReportService/&lt;ReturnAsync&gt;d__16" filename="Csir.Spme.Application/Reporting/ReportService.cs" line-rate="0" branch-rate="1" complexity="1">
          <methods>
            <method name="MoveNext" signature="()" line-rate="0" branch-rate="1" complexity="1">
              <lines>
                <line number="234" hits="0" branch="False" />
              </lines>
            </method>
          </methods>
          <lines>
            <line number="234" hits="0" branch="False" />
          </lines>
        </class>
        <class name="Csir.Spme.Application.Reporting.ReportService/&lt;SaveTrackedAsync&gt;d__18" filename="Csir.Spme.Application/Reporting/ReportService.cs" line-rate="0" branch-rate="0" complexity="2">
          <methods>
            <method name="MoveNext" signature="()" line-rate="0" branch-rate="0" complexity="2">
              <lines>
                <line number="258" hits="0" branch="True" condition-coverage="0% (0/2)">
                  <conditions>
                    <condition number="33" type="jump" coverage="0%" />
                  </conditions>
                </line>
                <line number="260" hits="0" branch="False" />
                <line number="263" hits="0" branch="False" />
                <line number="266" hits="0" branch="False" />
                <line number="267" hits="0" branch="False" />
                <line number="268" hits="0" branch="False" />
                <line number="270" hits="0" branch="False" />
                <line number="271" hits="0" branch="False" />
                <line number="274" hits="0" branch="False" />
                <line number="275" hits="0" branch="False" />
              </lines>
            </method>
          </methods>
          <lines>
            <line number="258" hits="0" branch="True" condition-coverage="0% (0/2)">
              <conditions>
                <condition number="33" type="jump" coverage="0%" />
              </conditions>
            </line>
            <line number="260" hits="0" branch="False" />
            <line number="263" hits="0" branch="False" />
            <line number="266" hits="0" branch="False" />
            <line number="267" hits="0" branch="False" />
            <line number="268" hits="0" branch="False" />
            <line number="270" hits="0" branch="False" />
            <line number="271" hits="0" branch="False" />
            <line number="274" hits="0" branch="False" />
            <line number="275" hits="0" branch="False" />
          </lines>
        </class>
        <class name="Csir.Spme.Application.Reporting.ReportService/&lt;SubmitAsync&gt;d__14" filename="Csir.Spme.Application/Reporting/ReportService.cs" line-rate="0" branch-rate="1" complexity="1">
          <methods>
            <method name="MoveNext" signature="()" line-rate="0" branch-rate="1" complexity="1">
              <lines>
                <line number="221" hits="0" branch="False" />
                <line number="223" hits="0" branch="False" />
              </lines>
            </method>
          </methods>
          <lines>
            <line number="221" hits="0" branch="False" />
            <line number="223" hits="0" branch="False" />
          </lines>
        </class>
        <class name="Csir.Spme.Application.Reporting.ReportService/&lt;TransitionAsync&gt;d__17" filename="Csir.Spme.Application/Reporting/ReportService.cs" line-rate="0" branch-rate="0" complexity="4">
          <methods>
            <method name="MoveNext" signature="()" line-rate="0" branch-rate="0" complexity="4">
              <lines>
                <line number="239" hits="0" branch="False" />
[...]
              <lines>
                <line number="12" hits="0" branch="False" />
              </lines>
            </method>
            <method name="get_SourceRowCount" signature="()" line-rate="0" branch-rate="1" complexity="1">
              <lines>
                <line number="13" hits="0" branch="False" />
              </lines>
            </method>
            <method name="get_TargetInsertedCount" signature="()" line-rate="0" branch-rate="1" complexity="1">
              <lines>
                <line number="14" hits="0" branch="False" />
              </lines>
            </method>
            <method name="get_TargetUpdatedCount" signature="()" line-rate="0" branch-rate="1" complexity="1">
              <lines>
                <line number="15" hits="0" branch="False" />
              </lines>
            </method>
            <method name="get_IssueCount" signature="()" line-rate="0" branch-rate="1" complexity="1">
              <lines>
                <line number="16" hits="0" branch="False" />
              </lines>
            </method>
            <method name="get_RowCountsJson" signature="()" line-rate="0" branch-rate="1" complexity="1">
              <lines>
                <line number="17" hits="0" branch="False" />
              </lines>
            </method>
            <method name="get_ReconciliationJson" signature="()" line-rate="0" branch-rate="1" complexity="1">
              <lines>
                <line number="18" hits="0" branch="False" />
              </lines>
            </method>
            <method name="get_Notes" signature="()" line-rate="0" branch-rate="1" complexity="1">
              <lines>
                <line number="19" hits="0" branch="False" />
              </lines>
            </method>
            <method name="RecordSourceSummary" signature="(System.Int32,System.Int32,System.String)" line-rate="0" branch-rate="1" complexity="1">
              <lines>
                <line number="34" hits="0" branch="False" />
                <line number="35" hits="0" branch="False" />
                <line number="36" hits="0" branch="False" />
                <line number="37" hits="0" branch="False" />
              </lines>
            </method>
            <method name="RecordReconciliation" signature="(System.String)" line-rate="0" branch-rate="1" complexity="1">
              <lines>
                <line number="40" hits="0" branch="False" />
              </lines>
            </method>
            <method name="AddInserted" signature="()" line-rate="0" branch-rate="1" complexity="1">
              <lines>
                <line number="42" hits="0" branch="False" />
              </lines>
            </method>
            <method name="AddUpdated" signature="()" line-rate="0" branch-rate="1" complexity="1">
              <lines>
                <line number="44" hits="0" branch="False" />
              </lines>
            </method>
            <method name="AddIssue" signature="()" line-rate="0" branch-rate="1" complexity="1">
              <lines>
                <line number="46" hits="0" branch="False" />
              </lines>
            </method>
            <method name="Complete" signature="(System.String)" line-rate="0" branch-rate="1" complexity="1">
              <lines>
                <line number="50" hits="0" branch="False" />
                <line number="51" hits="0" branch="False" />
                <line number="52" hits="0" branch="False" />
                <line number="53" hits="0" branch="False" />
              </lines>
            </method>
            <method name="Fail" signature="(System.String)" line-rate="0" branch-rate="1" complexity="1">
              <lines>
                <line number="57" hits="0" branch="False" />
                <line number="58" hits="0" branch="False" />
                <line number="59" hits="0" branch="False" />
                <line number="60" hits="0" branch="False" />
              </lines>
            </method>
            <method name=".ctor" signature="()" line-rate="0" branch-rate="1" complexity="1">
              <lines>
                <line number="21" hits="0" branch="False" />
              </lines>
            </method>
            <method name=".ctor" signature="(System.String,System.String,System.String,System.String)" line-rate="0" branch-rate="1" complexity="1">
              <lines>
                <line number="23" hits="0" branch="False" />
                <line number="25" hits="0" branch="False" />
                <line number="26" hits="0" branch="False" />
                <line number="27" hits="0" branch="False" />
                <line number="28" hits="0" branch="False" />
                <line number="29" hits="0" branch="False" />
                <line number="30" hits="0" branch="False" />
              </lines>
            </method>
          </methods>
          <lines>
            <line number="5" hits="0" branch="False" />
            <line number="6" hits="0" branch="False" />
            <line number="7" hits="0" branch="False" />
            <line number="8" hits="0" branch="False" />
            <line number="9" hits="0" branch="False" />
            <line number="10" hits="0" branch="False" />
            <line number="11" hits="0" branch="False" />
            <line number="12" hits="0" branch="False" />
            <line number="13" hits="0" branch="False" />
            <line number="14" hits="0" branch="False" />
            <line number="15" hits="0" branch="False" />
            <line number="16" hits="0" branch="False" />
            <line number="17" hits="0" branch="False" />
            <line number="18" hits="0" branch="False" />
            <line number="19" hits="0" branch="False" />
            <line number="34" hits="0" branch="False" />
            <line number="35" hits="0" branch="False" />
            <line number="36" hits="0" branch="False" />
            <line number="37" hits="0" branch="False" />
            <line number="40" hits="0" branch="False" />
            <line number="42" hits="0" branch="False" />
            <line number="44" hits="0" branch="False" />
            <line number="46" hits="0" branch="False" />
            <line number="50" hits="0" branch="False" />
            <line number="51" hits="0" branch="False" />
            <line number="52" hits="0" branch="False" />
            <line number="53" hits="0" branch="False" />
            <line number="57" hits="0" branch="False" />
            <line number="58" hits="0" branch="False" />
            <line number="59" hits="0" branch="False" />
            <line number="60" hits="0" branch="False" />
            <line number="21" hits="0" branch="False" />
            <line number="23" hits="0" branch="False" />
            <line number="25" hits="0" branch="False" />
            <line number="26" hits="0" branch="False" />
            <line number="27" hits="0" branch="False" />
            <line number="28" hits="0" branch="False" />
            <line number="29" hits="0" branch="False" />
            <line number="30" hits="0" branch="False" />
          </lines>
        </class>
        <class name="Csir.Spme.Domain.Common.Result`1" filename="Csir.Spme.Domain/Common/Result.cs" line-rate="0" branch-rate="0" complexity="9">
          <methods>
            <method name="get_IsSuccess" signature="()" line-rate="0" branch-rate="1" complexity="1">
              <lines>
                <line number="7" hits="0" branch="False" />
              </lines>
            </method>
            <method name="get_IsFailure" signature="()" line-rate="0" branch-rate="1" complexity="1">
              <lines>
                <line number="8" hits="0" branch="False" />
              </lines>
            </method>
            <method name="get_Value" signature="()" line-rate="0" branch-rate="1" complexity="1">
              <lines>
                <line number="9" hits="0" branch="False" />
              </lines>
            </method>
            <method name="get_Error" signature="()" line-rate="0" branch-rate="1" complexity="1">
              <lines>
                <line number="10" hits="0" branch="False" />
              </lines>
            </method>
            <method name="Success" signature="(TValue)" line-rate="0" branch-rate="1" complexity="1">
              <lines>
                <line number="19" hits="0" branch="False" />
              </lines>
            </method>
            <method name="Failure" signature="(Csir.Spme.Domain.Common.Error)" line-rate="0" branch-rate="1" complexity="1">
              <lines>
                <line number="20" hits="0" branch="False" />
              </lines>
            </method>
            <method name="Match" signature="(System.Func`2&lt;TValue,TResult&gt;,System.Func`2&lt;Csir.Spme.Domain.Common.Error,TResult&gt;)" line-rate="0" branch-rate="0" complexity="2">
              <lines>
                <line number="23" hits="0" branch="True" condition-coverage="0% (0/2)">
                  <conditions>
                    <condition number="6" type="jump" coverage="0%" />
                  </conditions>
                </line>
              </lines>
            </method>
            <method name=".ctor" signature="(System.Boolean,TValue,Csir.Spme.Domain.Common.Error)" line-rate="0" branch-rate="1" complexity="1">
              <lines>
                <line number="12" hits="0" branch="False" />
                <line number="14" hits="0" branch="False" />
                <line number="15" hits="0" branch="False" />
                <line number="16" hits="0" branch="False" />
                <line number="17" hits="0" branch="False" />
              </lines>
            </method>
          </methods>
          <lines>
            <line number="7" hits="0" branch="False" />
            <line number="8" hits="0" branch="False" />
            <line number="9" hits="0" branch="False" />
            <line number="10" hits="0" branch="False" />
            <line number="19" hits="0" branch="False" />
            <line number="20" hits="0" branch="False" />
            <line number="23" hits="0" branch="True" condition-coverage="0% (0/2)">
              <conditions>
                <condition number="6" type="jump" coverage="0%" />
              </conditions>
            </line>
            <line number="12" hits="0" branch="False" />
            <line number="14" hits="0" branch="False" />
            <line number="15" hits="0" branch="False" />
            <line number="16" hits="0" branch="False" />
            <line number="17" hits="0" branch="False" />
          </lines>
        </class>
        <class name="Csir.Spme.Domain.Common.Result" filename="Csir.Spme.Domain/Common/Result.cs" line-rate="0" branch-rate="1" complexity="2">
          <methods>
            <method name="Success" signature="()" line-rate="0" branch-rate="1" complexity="1">
              <lines>
                <line number="28" hits="0" branch="False" />
              </lines>
            </method>
            <method name="Failure" signature="(Csir.Spme.Domain.Common.Error)" line-rate="0" branch-rate="1" complexity="1">
              <lines>
                <line number="29" hits="0" branch="False" />
              </lines>
            </method>
          </methods>
          <lines>
            <line number="28" hits="0" branch="False" />
            <line number="29" hits="0" branch="False" />
          </lines>
        </class>
        <class name="Csir.Spme.Domain.Common.Error" filename="Csir.Spme.Domain/Common/Result.cs" line-rate="0" branch-rate="1" complexity="15">
          <methods>
            <method name="get_Code" signature="()" line-rate="0" branch-rate="1" complexity="1">
              <lines>
                <line number="34" hits="0" branch="False" />
              </lines>
            </method>
            <method name="get_Message" signature="()" line-rate="0" branch-rate="1" complexity="1">
              <lines>
                <line number="35" hits="0" branch="False" />
              </lines>
            </method>
            <method name="get_Type" signature="()" line-rate="0" branch-rate="1" complexity="1">
              <lines>
                <line number="36" hits="0" branch="False" />
              </lines>
            </method>
            <method name="get_Fields" signature="()" line-rate="0" branch-rate="1" complexity="1">
              <lines>
                <line number="37" hits="0" branch="False" />
              </lines>
            </method>
            <method name="Validation" signature="(System.String)" line-rate="0" branch-rate="1" complexity="1">
              <lines>
                <line number="44" hits="0" branch="False" />
              </lines>
            </method>
            <method name="Validation" signature="(System.Collections.Generic.IReadOnlyDictionary`2&lt;System.String,System.String[]&gt;)" line-rate="0" branch-rate="1" complexity="1">
              <lines>
                <line number="47" hits="0" branch="False" />
              </lines>
            </method>
            <method name="NotFound" signature="(System.String)" line-rate="0" branch-rate="1" complexity="1">
              <lines>
                <line number="49" hits="0" branch="False" />
              </lines>
            </method>
            <method name="Forbidden" signature="(System.String)" line-rate="0" branch-rate="1" complexity="1">
              <lines>
                <line number="50" hits="0" branch="False" />
              </lines>
            </method>
            <method name="CrossInstitute" signature="(System.String)" line-rate="0" branch-rate="1" complexity="1">
              <lines>
                <line number="51" hits="0" branch="False" />
              </lines>
            </method>
            <method name="Conflict" signature="(System.String)" line-rate="0" branch-rate="1" complexity="1">
              <lines>
                <line number="52" hits="0" branch="False" />
              </lines>
            </method>
            <method name="PreconditionFailed" signature="(System.String)" line-rate="0" branch-rate="1" complexity="1">
              <lines>
                <line number="53" hits="0" branch="False" />
              </lines>
            </method>
            <method name="StateTransition" signature="(System.String)" line-rate="0" branch-rate="1" complexity="1">
              <lines>
                <line number="54" hits="0" branch="False" />
              </lines>
            </method>
            <method name="InsufficientLeaveBalance" signature="(System.String)" line-rate="0" branch-rate="1" complexity="1">
              <lines>
                <line number="55" hits="0" branch="False" />
              </lines>
            </method>
            <method name="DependencyUnavailable" signature="(System.String)" line-rate="0" branch-rate="1" complexity="1">
              <lines>
                <line number="56" hits="0" branch="False" />
              </lines>
            </method>
            <method name=".ctor" signature="(System.String,System.String,System.String,System.Collections.Generic.IReadOnlyDictionary`2&lt;System.String,System.String[]&gt;)" line-rate="0" branch-rate="1" complexity="1">
              <lines>
                <line number="39" hits="0" branch="False" />
                <line number="41" hits="0" branch="False" />
                <line number="42" hits="0" branch="False" />
              </lines>
            </method>
          </methods>
          <lines>
            <line number="34" hits="0" branch="False" />
            <line number="35" hits="0" branch="False" />
            <line number="36" hits="0" branch="False" />
            <line number="37" hits="0" branch="False" />
            <line number="44" hits="0" branch="False" />
            <line number="47" hits="0" branch="False" />
            <line number="49" hits="0" branch="False" />
            <line number="50" hits="0" branch="False" />
            <line number="51" hits="0" branch="False" />
            <line number="52" hits="0" branch="False" />
            <line number="53" hits="0" branch="False" />
            <line number="54" hits="0" branch="False" />
            <line number="55" hits="0" branch="False" />
            <line number="56" hits="0" branch="False" />
            <line number="39" hits="0" branch="False" />
            <line number="41" hits="0" branch="False" />
            <line number="42" hits="0" branch="False" />
          </lines>
        </class>
        <class name="Csir.Spme.Domain.Common.ValueObject" filename="Csir.Spme.Domain/Common/ValueObject.cs" line-rate="0" branch-rate="0" complexity="9">
          <methods>
            <method name="Equals" signature="(Csir.Spme.Domain.Common.ValueObject)" line-rate="0" branch-rate="0" complexity="2">
              <lines>
                <line number="7" hits="0" branch="True" condition-coverage="0% (0/2)">
                  <conditions>
                    <condition number="1" type="jump" coverage="0%" />
                  </conditions>
                </line>
              </lines>
            </method>
            <method name="Equals" signature="(System.Object)" line-rate="0" branch-rate="0" complexity="2">
              <lines>
                <line number="8" hits="0" branch="True" condition-coverage="0% (0/2)">
                  <conditions>
                    <condition number="8" type="jump" coverage="0%" />
                  </conditions>
                </line>
              </lines>
            </method>
            <method name="GetHashCode" signature="()" line-rate="0" branch-rate="0" complexity="2">
              <lines>
                <line number="9" hits="0" branch="True" condition-coverage="0% (0/2)">
                  <conditions>
                    <condition number="1" type="jump" coverage="0%" />
                  </conditions>
                </line>
              </lines>
            </method>
            <method name="op_Equality" signature="(Csir.Spme.Domain.Common.ValueObject,Csir.Spme.Domain.Common.ValueObject)" line-rate="0" branch-rate="0" complexity="2">
              <lines>
                <line number="10" hits="0" branch="True" condition-coverage="0% (0/2)">
                  <conditions>
                    <condition number="1" type="jump" coverage="0%" />
                  </conditions>
                </line>
              </lines>
            </method>
            <method name="op_Inequality" signature="(Csir.Spme.Domain.Common.ValueObject,Csir.Spme.Domain.Common.ValueObject)" line-rate="0" branch-rate="1" complexity="1">
              <lines>
                <line number="11" hits="0" branch="False" />
              </lines>
            </method>
          </methods>
          <lines>
            <line number="7" hits="0" branch="True" condition-coverage="0% (0/2)">
              <conditions>
                <condition number="1" type="jump" coverage="0%" />
              </conditions>
            </line>
            <line number="8" hits="0" branch="True" condition-coverage="0% (0/2)">
              <conditions>
                <condition number="8" type="jump" coverage="0%" />
              </conditions>
            </line>
            <line number="9" hits="0" branch="True" condition-coverage="0% (0/2)">
              <conditions>
                <condition number="1" type="jump" coverage="0%" />
              </conditions>
            </line>
            <line number="10" hits="0" branch="True" condition-coverage="0% (0/2)">
              <conditions>
                <condition number="1" type="jump" coverage="0%" />
              </conditions>
            </line>
            <line number="11" hits="0" branch="False" />
          </lines>
        </class>
      </classes>
    </package>
  </packages>
</coverage>